<?xml version="1.0" encoding="UTF-8"?>
<testsuite name="Scenario: can login with successfully generated account" tests="5" skipped="0" failures="0" errors="0" timestamp="2018-11-18T07:11:13" hostname="dhcp-asv-91" time="0.002">
  <properties/>
  <testcase name="Given user &quot;eero&quot; with password &quot;salainen1&quot; is created" classname="Scenario: can login with successfully generated account" time="0.0"/>
  <testcase name="And command login is selected" classname="Scenario: can login with successfully generated account" time="0.0"/>
  <testcase name="When username &quot;eero&quot; and password &quot;salainen1&quot; are entered" classname="Scenario: can login with successfully generated account" time="0.0"/>
  <testcase name="Then system will respond with &quot;logged in&quot;" classname="Scenario: can login with successfully generated account" time="0.0"/>
  <testcase name="classMethod" classname="Scenario: can login with successfully generated account" time="0.003"/>
  <system-out><![CDATA[
  Scenario: creation fails with valid username and password enough long but consisting of only letters ?[90m# ohtu/new_user.feature:23?[0m
    ?[32mGiven ?[0m?[32mcommand new user is selected?[0m                                                                 ?[90m# Stepdefs.command_new_user_selected()?[0m
    ?[32mWhen ?[0m?[32musername "?[0m?[32m?[1mtks?[0m?[32m" and password "?[0m?[32m?[1mjunalauta?[0m?[32m" are entered?[0m                                           ?[90m# Stepdefs.a_username_and_password_are_entered(String,String)?[0m
    ?[32mThen ?[0m?[32msystem will respond with "?[0m?[32m?[1mnew user not registered?[0m?[32m"?[0m                                            ?[90m# Stepdefs.system_will_respond_with(String)?[0m
]]></system-out>
  <system-err><![CDATA[]]></system-err>
</testsuite>
