<?xml version="1.0" encoding="UTF-8"?>
<testsuite name="Scenario: Resetting after one increment" tests="5" skipped="0" failures="0" errors="0" timestamp="2018-11-17T13:47:29" hostname="dhcp-asv-91" time="0.003">
  <properties/>
  <testcase name="Given Counter is initialized" classname="Scenario: Resetting after one increment" time="0.0"/>
  <testcase name="When it is incremented" classname="Scenario: Resetting after one increment" time="0.0"/>
  <testcase name="And it is reset" classname="Scenario: Resetting after one increment" time="0.0"/>
  <testcase name="Then the value should be 0" classname="Scenario: Resetting after one increment" time="0.0"/>
  <testcase name="classMethod" classname="Scenario: Resetting after one increment" time="0.004"/>
  <system-out><![CDATA[]]></system-out>
  <system-err><![CDATA[]]></system-err>
</testsuite>
